Release 14.7 - xst P.20131013 (nt64)
Copyright (c) 1995-2013 Xilinx, Inc.  All rights reserved.
--> Parameter TMPDIR set to xst/projnav.tmp


Total REAL time to Xst completion: 0.00 secs
Total CPU time to Xst completion: 0.33 secs
 
--> Parameter xsthdpdir set to xst


Total REAL time to Xst completion: 0.00 secs
Total CPU time to Xst completion: 0.33 secs
 
--> Reading design: boothmulitplier.prj

TABLE OF CONTENTS
  1) Synthesis Options Summary
  2) HDL Compilation
  3) Design Hierarchy Analysis
  4) HDL Analysis
  5) HDL Synthesis
     5.1) HDL Synthesis Report
  6) Advanced HDL Synthesis
     6.1) Advanced HDL Synthesis Report
  7) Low Level Synthesis
  8) Partition Report
  9) Final Report
	9.1) Device utilization summary
	9.2) Partition Resource Summary
	9.3) TIMING REPORT


=========================================================================
*                      Synthesis Options Summary                        *
=========================================================================
---- Source Parameters
Input File Name                    : "boothmulitplier.prj"
Input Format                       : mixed
Ignore Synthesis Constraint File   : NO

---- Target Parameters
Output File Name                   : "boothmulitplier"
Output Format                      : NGC
Target Device                      : xc3s700a-4-fg484

---- Source Options
Top Module Name                    : boothmulitplier
Automatic FSM Extraction           : YES
FSM Encoding Algorithm             : Auto
Safe Implementation                : No
FSM Style                          : LUT
RAM Extraction                     : Yes
RAM Style                          : Auto
ROM Extraction                     : Yes
Mux Style                          : Auto
Decoder Extraction                 : YES
Priority Encoder Extraction        : Yes
Shift Register Extraction          : YES
Logical Shifter Extraction         : YES
XOR Collapsing                     : YES
ROM Style                          : Auto
Mux Extraction                     : Yes
Resource Sharing                   : YES
Asynchronous To Synchronous        : NO
Multiplier Style                   : Auto
Automatic Register Balancing       : No

---- Target Options
Add IO Buffers                     : YES
Global Maximum Fanout              : 500
Add Generic Clock Buffer(BUFG)     : 24
Register Duplication               : YES
Slice Packing                      : YES
Optimize Instantiated Primitives   : NO
Use Clock Enable                   : Yes
Use Synchronous Set                : Yes
Use Synchronous Reset              : Yes
Pack IO Registers into IOBs        : Auto
Equivalent register Removal        : YES

---- General Options
Optimization Goal                  : Speed
Optimization Effort                : 1
Keep Hierarchy                     : No
Netlist Hierarchy                  : As_Optimized
RTL Output                         : Yes
Global Optimization                : AllClockNets
Read Cores                         : YES
Write Timing Constraints           : NO
Cross Clock Analysis               : NO
Hierarchy Separator                : /
Bus Delimiter                      : <>
Case Specifier                     : Maintain
Slice Utilization Ratio            : 100
BRAM Utilization Ratio             : 100
Verilog 2001                       : YES
Auto BRAM Packing                  : NO
Slice Utilization Ratio Delta      : 5

=========================================================================


=========================================================================
*                          HDL Compilation                              *
=========================================================================
Compiling verilog file "partial.v" in library work
Module <partialproduct> compiled
Module <boothmulitplier> compiled
No errors in compilation
Analysis of file <"boothmulitplier.prj"> succeeded.
 

=========================================================================
*                     Design Hierarchy Analysis                         *
=========================================================================
Analyzing hierarchy for module <boothmulitplier> in library <work>.

Analyzing hierarchy for module <partialproduct> in library <work>.


=========================================================================
*                            HDL Analysis                               *
=========================================================================
Analyzing top module <boothmulitplier>.
Module <boothmulitplier> is correct for synthesis.
 
Analyzing module <partialproduct> in library <work>.
Module <partialproduct> is correct for synthesis.
 

=========================================================================
*                           HDL Synthesis                               *
=========================================================================

Performing bidirectional port resolution...

Synthesizing Unit <partialproduct>.
    Related source file is "partial.v".
    Found 16-bit 8-to-1 multiplexer for signal <output1>.
    Found 16-bit adder for signal <old_output1_1$add0000> created at line 18.
    Summary:
	inferred   1 Adder/Subtractor(s).
	inferred  16 Multiplexer(s).
Unit <partialproduct> synthesized.


Synthesizing Unit <boothmulitplier>.
    Related source file is "partial.v".
    Found 16-bit adder for signal <c>.
    Found 16-bit adder for signal <c$addsub0000> created at line 48.
    Found 16-bit adder for signal <c$addsub0001> created at line 48.
    Summary:
	inferred   3 Adder/Subtractor(s).
Unit <boothmulitplier> synthesized.


=========================================================================
HDL Synthesis Report

Macro Statistics
# Adders/Subtractors                                   : 7
 16-bit adder                                          : 7
# Multiplexers                                         : 4
 16-bit 8-to-1 multiplexer                             : 4

=========================================================================

=========================================================================
*                       Advanced HDL Synthesis                          *
=========================================================================


=========================================================================
Advanced HDL Synthesis Report

Macro Statistics
# Adders/Subtractors                                   : 7
 16-bit adder                                          : 7
# Multiplexers                                         : 4
 16-bit 8-to-1 multiplexer                             : 4

=========================================================================

=========================================================================
*                         Low Level Synthesis                           *
=========================================================================

Optimizing unit <boothmulitplier> ...

Optimizing unit <partialproduct> ...

Mapping all equations...
Building and optimizing final netlist ...
Found area constraint ratio of 100 (+ 5) on block boothmulitplier, actual ratio is 1.

Final Macro Processing ...

=========================================================================
Final Register Report

Found no macro
=========================================================================

=========================================================================
*                           Partition Report                            *
=========================================================================

Partition Implementation Status
-------------------------------

  No Partitions were found in this design.

-------------------------------

=========================================================================
*                            Final Report                               *
=========================================================================
Final Results
RTL Top Level Output File Name     : boothmulitplier.ngr
Top Level Output File Name         : boothmulitplier
Output Format                      : NGC
Optimization Goal                  : Speed
Keep Hierarchy                     : No

Design Statistics
# IOs                              : 32

Cell Usage :
# BELS                             : 201
#      GND                         : 1
#      INV                         : 1
#      LUT2                        : 12
#      LUT3                        : 31
#      LUT4                        : 78
#      MULT_AND                    : 2
#      MUXCY                       : 21
#      MUXF5                       : 32
#      XORCY                       : 23
# IO Buffers                       : 32
#      IBUF                        : 16
#      OBUF                        : 16
=========================================================================

Device utilization summary:
---------------------------

Selected Device : 3s700afg484-4 

 Number of Slices:                       64  out of   5888     1%  
 Number of 4 input LUTs:                122  out of  11776     1%  
 Number of IOs:                          32
 Number of bonded IOBs:                  32  out of    372     8%  

---------------------------
Partition Resource Summary:
---------------------------

  No Partitions were found in this design.

---------------------------


=========================================================================
TIMING REPORT

NOTE: THESE TIMING NUMBERS ARE ONLY A SYNTHESIS ESTIMATE.
      FOR ACCURATE TIMING INFORMATION PLEASE REFER TO THE TRACE REPORT
      GENERATED AFTER PLACE-and-ROUTE.

Clock Information:
------------------
No clock signals found in this design

Asynchronous Control Signals Information:
----------------------------------------
No asynchronous control signals found in this design

Timing Summary:
---------------
Speed Grade: -4

   Minimum period: No path found
   Minimum input arrival time before clock: No path found
   Maximum output required time after clock: No path found
   Maximum combinational path delay: 18.624ns

Timing Detail:
--------------
All values displayed in nanoseconds (ns)

=========================================================================
Timing constraint: Default path analysis
  Total number of paths / destination ports: 70346 / 16
-------------------------------------------------------------------------
Delay:               18.624ns (Levels of Logic = 16)
  Source:            a<1> (PAD)
  Destination:       c<15> (PAD)

  Data Path: a<1> to c<15>
                                Gate     Net
    Cell:in->out      fanout   Delay   Delay  Logical Name (Net Name)
    ----------------------------------------  ------------
     IBUF:I->O            16   0.849   1.114  a_1_IBUF (a_1_IBUF)
     LUT4:I1->O            6   0.643   0.672  p3/Madd_old_output1_1_add0000_xor<4>111 (p3/N6)
     LUT4:I3->O           15   0.648   1.160  p3/Mmux_output12311 (p3/N01)
     LUT3:I0->O            1   0.648   0.563  p1/Mmux_output12050 (p1/Mmux_output12050)
     LUT4:I0->O            2   0.648   0.527  p1/Mmux_output12076 (temp<1><7>)
     LUT3:I1->O            1   0.643   0.563  Madd_c_addsub0001C71 (Madd_c_addsub0001C7)
     LUT4:I0->O            1   0.648   0.000  Madd_c_addsub0001_Madd_lut<10> (Madd_c_addsub0001_Madd_lut<10>)
     MUXCY:S->O            1   0.632   0.000  Madd_c_addsub0001_Madd_cy<10> (Madd_c_addsub0001_Madd_cy<10>)
     MUXCY:CI->O           1   0.065   0.000  Madd_c_addsub0001_Madd_cy<11> (Madd_c_addsub0001_Madd_cy<11>)
     MUXCY:CI->O           1   0.065   0.000  Madd_c_addsub0001_Madd_cy<12> (Madd_c_addsub0001_Madd_cy<12>)
     MUXCY:CI->O           1   0.065   0.000  Madd_c_addsub0001_Madd_cy<13> (Madd_c_addsub0001_Madd_cy<13>)
     XORCY:CI->O           1   0.844   0.563  Madd_c_addsub0001_Madd_xor<14> (c_addsub0001<14>)
     LUT4:I0->O            1   0.648   0.000  Madd_c_lut<14> (Madd_c_lut<14>)
     MUXCY:S->O            0   0.632   0.000  Madd_c_cy<14> (Madd_c_cy<14>)
     XORCY:CI->O           1   0.844   0.420  Madd_c_xor<15> (c_15_OBUF)
     OBUF:I->O                 4.520          c_15_OBUF (c<15>)
    ----------------------------------------
    Total                     18.624ns (13.042ns logic, 5.582ns route)
                                       (70.0% logic, 30.0% route)

=========================================================================


Total REAL time to Xst completion: 13.00 secs
Total CPU time to Xst completion: 13.09 secs
 
--> 

Total memory usage is 4550072 kilobytes

Number of errors   :    0 (   0 filtered)
Number of warnings :    0 (   0 filtered)
Number of infos    :    0 (   0 filtered)

