Command line:
   ass_isim_beh.exe
     -simmode  gui
     -simrunnum  0
     -socket  2877

Tue Oct 30 23:09:02 2018


 Elaboration Time: 0.15625 sec

 Current Memory Usage: 5984.5 Meg

 Total Signals          : 17
 Total Nets             : 29
 Total Signal Drivers   : 7
 Total Blocks           : 2
 Total Primitive Blocks : 2
 Total Processes        : 8
 Total Traceable Variables  : 18
 Total Scalar Nets and Variables : 109
Total Line Count : 16

 Total Simulation Time: 0.1875 sec

 Current Memory Usage: 4726.17 Meg

Tue Oct 30 23:40:50 2018

