Command line:
   annh_isim_beh.exe
     -simmode  gui
     -simrunnum  0
     -socket  1752

Sat Nov 17 19:45:56 2018


 Elaboration Time: 0.25 sec

 Current Memory Usage: 5984.06 Meg

 Total Signals          : 16
 Total Nets             : 16
 Total Signal Drivers   : 6
 Total Blocks           : 2
 Total Primitive Blocks : 2
 Total Processes        : 7
 Total Traceable Variables  : 18
 Total Scalar Nets and Variables : 96
Total Line Count : 14

 Total Simulation Time: 0.25 sec

 Current Memory Usage: 4883.02 Meg

Sat Nov 17 21:49:39 2018

