Command line:
   sanidhyaupdown_isim_beh.exe
     -simmode  gui
     -simrunnum  0
     -socket  3538

Mon Nov 19 21:39:12 2018


 Elaboration Time: 0.265625 sec

 Current Memory Usage: 5984.02 Meg

 Total Signals          : 17
 Total Nets             : 24
 Total Signal Drivers   : 9
 Total Blocks           : 3
 Total Primitive Blocks : 2
 Total Processes        : 12
 Total Traceable Variables  : 22
 Total Scalar Nets and Variables : 115
Total Line Count : 26

 Total Simulation Time: 0.5 sec

 Current Memory Usage: 4725.69 Meg

Mon Nov 19 22:26:35 2018

