Command line:
   multiply_isim_beh.exe
     -simmode  gui
     -simrunnum  0
     -socket  5591

Tue Nov 20 15:15:38 2018


 Elaboration Time: 0.28125 sec

 Current Memory Usage: 5826.16 Meg

 Total Signals          : 21
 Total Nets             : 48
 Total Signal Drivers   : 9
 Total Blocks           : 4
 Total Primitive Blocks : 3
 Total Processes        : 12
 Total Traceable Variables  : 20
 Total Scalar Nets and Variables : 144
Total Line Count : 53

 Total Simulation Time: 0.28125 sec

 Current Memory Usage: 5196.98 Meg

Tue Nov 20 15:18:25 2018

