Command line:
   up_isim_beh.exe
     -simmode  gui
     -simrunnum  0
     -socket  6076

Mon Nov 19 16:35:04 2018


 Elaboration Time: 0.234375 sec

 Current Memory Usage: 5983.49 Meg

 Total Signals          : 15
 Total Nets             : 17
 Total Signal Drivers   : 6
 Total Blocks           : 2
 Total Primitive Blocks : 2
 Total Processes        : 8
 Total Traceable Variables  : 19
 Total Scalar Nets and Variables : 99
Total Line Count : 21

 Total Simulation Time: 0.3125 sec

 Current Memory Usage: 5983.49 Meg

Mon Nov 19 16:35:31 2018

