Release 14.7 - xst P.20131013 (nt64)
Copyright (c) 1995-2013 Xilinx, Inc.  All rights reserved.
--> Parameter TMPDIR set to xst/projnav.tmp


Total REAL time to Xst completion: 1.00 secs
Total CPU time to Xst completion: 0.38 secs
 
--> Parameter xsthdpdir set to xst


Total REAL time to Xst completion: 1.00 secs
Total CPU time to Xst completion: 0.39 secs
 
--> Reading design: boothmulitplier.prj

TABLE OF CONTENTS
  1) Synthesis Options Summary
  2) HDL Compilation
  3) Design Hierarchy Analysis
  4) HDL Analysis
  5) HDL Synthesis
     5.1) HDL Synthesis Report
  6) Advanced HDL Synthesis
     6.1) Advanced HDL Synthesis Report
  7) Low Level Synthesis
  8) Partition Report
  9) Final Report
	9.1) Device utilization summary
	9.2) Partition Resource Summary
	9.3) TIMING REPORT


=========================================================================
*                      Synthesis Options Summary                        *
=========================================================================
---- Source Parameters
Input File Name                    : "boothmulitplier.prj"
Input Format                       : mixed
Ignore Synthesis Constraint File   : NO

---- Target Parameters
Output File Name                   : "boothmulitplier"
Output Format                      : NGC
Target Device                      : xc3s700a-4-fg484

---- Source Options
Top Module Name                    : boothmulitplier
Automatic FSM Extraction           : YES
FSM Encoding Algorithm             : Auto
Safe Implementation                : No
FSM Style                          : LUT
RAM Extraction                     : Yes
RAM Style                          : Auto
ROM Extraction                     : Yes
Mux Style                          : Auto
Decoder Extraction                 : YES
Priority Encoder Extraction        : Yes
Shift Register Extraction          : YES
Logical Shifter Extraction         : YES
XOR Collapsing                     : YES
ROM Style                          : Auto
Mux Extraction                     : Yes
Resource Sharing                   : YES
Asynchronous To Synchronous        : NO
Multiplier Style                   : Auto
Automatic Register Balancing       : No

---- Target Options
Add IO Buffers                     : YES
Global Maximum Fanout              : 100000
Add Generic Clock Buffer(BUFG)     : 24
Register Duplication               : YES
Slice Packing                      : YES
Optimize Instantiated Primitives   : NO
Use Clock Enable                   : Yes
Use Synchronous Set                : Yes
Use Synchronous Reset              : Yes
Pack IO Registers into IOBs        : Auto
Equivalent register Removal        : YES

---- General Options
Optimization Goal                  : Speed
Optimization Effort                : 1
Keep Hierarchy                     : No
Netlist Hierarchy                  : As_Optimized
RTL Output                         : Yes
Global Optimization                : AllClockNets
Read Cores                         : YES
Write Timing Constraints           : NO
Cross Clock Analysis               : NO
Hierarchy Separator                : /
Bus Delimiter                      : <>
Case Specifier                     : Maintain
Slice Utilization Ratio            : 100
BRAM Utilization Ratio             : 100
Verilog 2001                       : YES
Auto BRAM Packing                  : NO
Slice Utilization Ratio Delta      : 5

=========================================================================


=========================================================================
*                          HDL Compilation                              *
=========================================================================
Compiling verilog file "ass.v" in library work
Module <partialproduct> compiled
Module <boothmulitplier> compiled
No errors in compilation
Analysis of file <"boothmulitplier.prj"> succeeded.
 

=========================================================================
*                     Design Hierarchy Analysis                         *
=========================================================================
Analyzing hierarchy for module <boothmulitplier> in library <work>.

Analyzing hierarchy for module <partialproduct> in library <work>.


=========================================================================
*                            HDL Analysis                               *
=========================================================================
Analyzing top module <boothmulitplier>.
Module <boothmulitplier> is correct for synthesis.
 
Analyzing module <partialproduct> in library <work>.
Module <partialproduct> is correct for synthesis.
 

=========================================================================
*                           HDL Synthesis                               *
=========================================================================

Performing bidirectional port resolution...

Synthesizing Unit <partialproduct>.
    Related source file is "ass.v".
    Found 8-bit 8-to-1 multiplexer for signal <output1>.
    Found 8-bit adder for signal <old_output1_1$add0000> created at line 18.
    Summary:
	inferred   1 Adder/Subtractor(s).
	inferred   8 Multiplexer(s).
Unit <partialproduct> synthesized.


Synthesizing Unit <boothmulitplier>.
    Related source file is "ass.v".
    Found 8-bit adder for signal <c>.
    Summary:
	inferred   1 Adder/Subtractor(s).
Unit <boothmulitplier> synthesized.


=========================================================================
HDL Synthesis Report

Macro Statistics
# Adders/Subtractors                                   : 3
 8-bit adder                                           : 3
# Multiplexers                                         : 2
 8-bit 8-to-1 multiplexer                              : 2

=========================================================================

=========================================================================
*                       Advanced HDL Synthesis                          *
=========================================================================


=========================================================================
Advanced HDL Synthesis Report

Macro Statistics
# Adders/Subtractors                                   : 3
 8-bit adder                                           : 3
# Multiplexers                                         : 2
 8-bit 8-to-1 multiplexer                              : 2

=========================================================================

=========================================================================
*                         Low Level Synthesis                           *
=========================================================================

Optimizing unit <boothmulitplier> ...

Mapping all equations...
Building and optimizing final netlist ...
Found area constraint ratio of 100 (+ 5) on block boothmulitplier, actual ratio is 0.

Final Macro Processing ...

=========================================================================
Final Register Report

Found no macro
=========================================================================

=========================================================================
*                           Partition Report                            *
=========================================================================

Partition Implementation Status
-------------------------------

  No Partitions were found in this design.

-------------------------------

=========================================================================
*                            Final Report                               *
=========================================================================
Final Results
RTL Top Level Output File Name     : boothmulitplier.ngr
Top Level Output File Name         : boothmulitplier
Output Format                      : NGC
Optimization Goal                  : Speed
Keep Hierarchy                     : No

Design Statistics
# IOs                              : 16

Cell Usage :
# BELS                             : 50
#      GND                         : 1
#      LUT2                        : 4
#      LUT3                        : 8
#      LUT4                        : 17
#      MULT_AND                    : 3
#      MUXCY                       : 5
#      MUXF5                       : 6
#      XORCY                       : 6
# IO Buffers                       : 16
#      IBUF                        : 8
#      OBUF                        : 8
=========================================================================

Device utilization summary:
---------------------------

Selected Device : 3s700afg484-4 

 Number of Slices:                       15  out of   5888     0%  
 Number of 4 input LUTs:                 29  out of  11776     0%  
 Number of IOs:                          16
 Number of bonded IOBs:                  16  out of    372     4%  

---------------------------
Partition Resource Summary:
---------------------------

  No Partitions were found in this design.

---------------------------


=========================================================================
TIMING REPORT

NOTE: THESE TIMING NUMBERS ARE ONLY A SYNTHESIS ESTIMATE.
      FOR ACCURATE TIMING INFORMATION PLEASE REFER TO THE TRACE REPORT
      GENERATED AFTER PLACE-and-ROUTE.

Clock Information:
------------------
No clock signals found in this design

Asynchronous Control Signals Information:
----------------------------------------
No asynchronous control signals found in this design

Timing Summary:
---------------
Speed Grade: -4

   Minimum period: No path found
   Minimum input arrival time before clock: No path found
   Maximum output required time after clock: No path found
   Maximum combinational path delay: 13.040ns

Timing Detail:
--------------
All values displayed in nanoseconds (ns)

=========================================================================
Timing constraint: Default path analysis
  Total number of paths / destination ports: 474 / 8
-------------------------------------------------------------------------
Delay:               13.040ns (Levels of Logic = 10)
  Source:            a<1> (PAD)
  Destination:       c<7> (PAD)

  Data Path: a<1> to c<7>
                                Gate     Net
    Cell:in->out      fanout   Delay   Delay  Logical Name (Net Name)
    ----------------------------------------  ------------
     IBUF:I->O            11   0.849   1.013  a_1_IBUF (a_1_IBUF)
     LUT3:I1->O            5   0.643   0.776  p0/Madd_old_output1_1_add0000_cy<2>1 (p0/Madd_old_output1_1_add0000_cy<2>)
     LUT4:I0->O            1   0.648   0.000  p1/Mmux_output1840_G (N18)
     MUXF5:I1->O           1   0.276   0.563  p1/Mmux_output1840 (p1/Mmux_output1840)
     LUT3:I0->O            1   0.648   0.500  p1/Mmux_output18107 (temp<1><3>)
     LUT3:I1->O            1   0.643   0.000  Madd_c_lut<5> (Madd_c_lut<5>)
     MUXCY:S->O            1   0.632   0.000  Madd_c_cy<5> (Madd_c_cy<5>)
     MUXCY:CI->O           0   0.065   0.000  Madd_c_cy<6> (Madd_c_cy<6>)
     XORCY:CI->O           1   0.844   0.420  Madd_c_xor<7> (c_7_OBUF)
     OBUF:I->O                 4.520          c_7_OBUF (c<7>)
    ----------------------------------------
    Total                     13.040ns (9.768ns logic, 3.272ns route)
                                       (74.9% logic, 25.1% route)

=========================================================================


Total REAL time to Xst completion: 11.00 secs
Total CPU time to Xst completion: 10.25 secs
 
--> 

Total memory usage is 4550048 kilobytes

Number of errors   :    0 (   0 filtered)
Number of warnings :    0 (   0 filtered)
Number of infos    :    0 (   0 filtered)

