Command line:
   main_isim_beh.exe
     -simmode  gui
     -simrunnum  0
     -socket  3599

Mon Nov 19 21:52:19 2018


 Elaboration Time: 0.109375 sec

 Current Memory Usage: 5982.43 Meg

 Total Signals          : 16
 Total Nets             : 17
 Total Signal Drivers   : 6
 Total Blocks           : 2
 Total Primitive Blocks : 2
 Total Processes        : 8
 Total Traceable Variables  : 24
 Total Scalar Nets and Variables : 229
Total Line Count : 46

 Total Simulation Time: 0.46875 sec

 Current Memory Usage: 5353.25 Meg

Mon Nov 19 21:54:33 2018

