Running: C:\Xilinx\14.7\ISE_DS\ISE\bin\nt64\unwrapped\fuse.exe -intstyle ise -incremental -lib unisims_ver -lib unimacro_ver -lib xilinxcorelib_ver -o C:/Users/Prakash Saini/Documents/study/hardwareprograming/verilog/octalsub/octal_isim_beh.exe -prj C:/Users/Prakash Saini/Documents/study/hardwareprograming/verilog/octalsub/octal_beh.prj work.octal work.glbl 
ISim P.20131013 (signature 0x7708f090)
Number of CPUs detected in this system: 4
Turning on mult-threading, number of parallel sub-compilation jobs: 8 
Determining compilation order of HDL files
Analyzing Verilog file "C:/Users/Prakash Saini/Documents/study/hardwareprograming/verilog/octalsub/full_sub.v" into library work
Analyzing Verilog file "C:/Users/Prakash Saini/Documents/study/hardwareprograming/verilog/octalsub/octal_sub.v" into library work
Analyzing Verilog file "C:/Users/Prakash Saini/Documents/study/hardwareprograming/verilog/octalsub/octal.v" into library work
Analyzing Verilog file "C:/Xilinx/14.7/ISE_DS/ISE//verilog/src/glbl.v" into library work
Starting static elaboration
Completed static elaboration
Compiling module full_sub
Compiling module octal_sub
Compiling module octal
Compiling module glbl
Time Resolution for simulation is 1ps.
Compiled 4 Verilog Units
Built simulation executable C:/Users/Prakash Saini/Documents/study/hardwareprograming/verilog/octalsub/octal_isim_beh.exe
Fuse Memory Usage: 27232 KB
Fuse CPU Usage: 530 ms
