Command line:
   octal_isim_beh.exe
     -simmode  gui
     -simrunnum  0
     -socket  3691

Mon Nov 19 22:10:44 2018


 Elaboration Time: 0.234375 sec

 Current Memory Usage: 5983 Meg

 Total Signals          : 49
 Total Nets             : 38
 Total Signal Drivers   : 20
 Total Blocks           : 9
 Total Primitive Blocks : 7
 Total Processes        : 22
 Total Traceable Variables  : 21
 Total Scalar Nets and Variables : 131
Total Line Count : 31

 Total Simulation Time: 0.234375 sec

 Current Memory Usage: 5353.82 Meg

Mon Nov 19 22:13:21 2018

