Release 14.7 - xst P.20131013 (nt64)
Copyright (c) 1995-2013 Xilinx, Inc.  All rights reserved.
--> Parameter TMPDIR set to xst/projnav.tmp


Total REAL time to Xst completion: 0.00 secs
Total CPU time to Xst completion: 0.14 secs
 
--> Parameter xsthdpdir set to xst


Total REAL time to Xst completion: 0.00 secs
Total CPU time to Xst completion: 0.15 secs
 
--> Reading design: encode.prj

TABLE OF CONTENTS
  1) Synthesis Options Summary
  2) HDL Compilation
  3) Design Hierarchy Analysis
  4) HDL Analysis
  5) HDL Synthesis
     5.1) HDL Synthesis Report
  6) Advanced HDL Synthesis
     6.1) Advanced HDL Synthesis Report
  7) Low Level Synthesis
  8) Partition Report
  9) Final Report
	9.1) Device utilization summary
	9.2) Partition Resource Summary
	9.3) TIMING REPORT


=========================================================================
*                      Synthesis Options Summary                        *
=========================================================================
---- Source Parameters
Input File Name                    : "encode.prj"
Input Format                       : mixed
Ignore Synthesis Constraint File   : NO

---- Target Parameters
Output File Name                   : "encode"
Output Format                      : NGC
Target Device                      : xc3s50-5-pq208

---- Source Options
Top Module Name                    : encode
Automatic FSM Extraction           : YES
FSM Encoding Algorithm             : Auto
Safe Implementation                : No
FSM Style                          : LUT
RAM Extraction                     : Yes
RAM Style                          : Auto
ROM Extraction                     : Yes
Mux Style                          : Auto
Decoder Extraction                 : YES
Priority Encoder Extraction        : Yes
Shift Register Extraction          : YES
Logical Shifter Extraction         : YES
XOR Collapsing                     : YES
ROM Style                          : Auto
Mux Extraction                     : Yes
Resource Sharing                   : YES
Asynchronous To Synchronous        : NO
Multiplier Style                   : Auto
Automatic Register Balancing       : No

---- Target Options
Add IO Buffers                     : YES
Global Maximum Fanout              : 500
Add Generic Clock Buffer(BUFG)     : 8
Register Duplication               : YES
Slice Packing                      : YES
Optimize Instantiated Primitives   : NO
Use Clock Enable                   : Yes
Use Synchronous Set                : Yes
Use Synchronous Reset              : Yes
Pack IO Registers into IOBs        : Auto
Equivalent register Removal        : YES

---- General Options
Optimization Goal                  : Speed
Optimization Effort                : 1
Keep Hierarchy                     : No
Netlist Hierarchy                  : As_Optimized
RTL Output                         : Yes
Global Optimization                : AllClockNets
Read Cores                         : YES
Write Timing Constraints           : NO
Cross Clock Analysis               : NO
Hierarchy Separator                : /
Bus Delimiter                      : <>
Case Specifier                     : Maintain
Slice Utilization Ratio            : 100
BRAM Utilization Ratio             : 100
Verilog 2001                       : YES
Auto BRAM Packing                  : NO
Slice Utilization Ratio Delta      : 5

=========================================================================


=========================================================================
*                          HDL Compilation                              *
=========================================================================
Compiling verilog file "encode.v" in library work
Module <encode> compiled
No errors in compilation
Analysis of file <"encode.prj"> succeeded.
 

=========================================================================
*                     Design Hierarchy Analysis                         *
=========================================================================
Analyzing hierarchy for module <encode> in library <work>.


=========================================================================
*                            HDL Analysis                               *
=========================================================================
Analyzing top module <encode>.
Module <encode> is correct for synthesis.
 

=========================================================================
*                           HDL Synthesis                               *
=========================================================================

Performing bidirectional port resolution...

Synthesizing Unit <encode>.
    Related source file is "encode.v".
WARNING:Xst:737 - Found 4-bit latch for signal <en_out>. Latches may be generated from incomplete case or if statements. We do not recommend the use of latches in FPGA/CPLD designs, as they may lead to timing problems.
Unit <encode> synthesized.


=========================================================================
HDL Synthesis Report

Macro Statistics
# Latches                                              : 1
 4-bit latch                                           : 1

=========================================================================

=========================================================================
*                       Advanced HDL Synthesis                          *
=========================================================================


=========================================================================
Advanced HDL Synthesis Report

Macro Statistics
# Latches                                              : 1
 4-bit latch                                           : 1

=========================================================================

=========================================================================
*                         Low Level Synthesis                           *
=========================================================================

Optimizing unit <encode> ...

Mapping all equations...
Building and optimizing final netlist ...
Found area constraint ratio of 100 (+ 5) on block encode, actual ratio is 3.

Final Macro Processing ...

=========================================================================
Final Register Report

Found no macro
=========================================================================

=========================================================================
*                           Partition Report                            *
=========================================================================

Partition Implementation Status
-------------------------------

  No Partitions were found in this design.

-------------------------------

=========================================================================
*                            Final Report                               *
=========================================================================
Final Results
RTL Top Level Output File Name     : encode.ngr
Top Level Output File Name         : encode
Output Format                      : NGC
Optimization Goal                  : Speed
Keep Hierarchy                     : No

Design Statistics
# IOs                              : 21

Cell Usage :
# BELS                             : 37
#      GND                         : 1
#      LUT3                        : 14
#      LUT4                        : 21
#      MUXF5                       : 1
# FlipFlops/Latches                : 4
#      LD                          : 4
# Clock Buffers                    : 1
#      BUFGP                       : 1
# IO Buffers                       : 20
#      IBUF                        : 16
#      OBUF                        : 4
=========================================================================

Device utilization summary:
---------------------------

Selected Device : 3s50pq208-5 

 Number of Slices:                       21  out of    768     2%  
 Number of Slice Flip Flops:              4  out of   1536     0%  
 Number of 4 input LUTs:                 35  out of   1536     2%  
 Number of IOs:                          21
 Number of bonded IOBs:                  21  out of    124    16%  
 Number of GCLKs:                         1  out of      8    12%  

---------------------------
Partition Resource Summary:
---------------------------

  No Partitions were found in this design.

---------------------------


=========================================================================
TIMING REPORT

NOTE: THESE TIMING NUMBERS ARE ONLY A SYNTHESIS ESTIMATE.
      FOR ACCURATE TIMING INFORMATION PLEASE REFER TO THE TRACE REPORT
      GENERATED AFTER PLACE-and-ROUTE.

Clock Information:
------------------
-----------------------------------+------------------------+-------+
Clock Signal                       | Clock buffer(FF name)  | Load  |
-----------------------------------+------------------------+-------+
enable                             | BUFGP                  | 4     |
-----------------------------------+------------------------+-------+

Asynchronous Control Signals Information:
----------------------------------------
No asynchronous control signals found in this design

Timing Summary:
---------------
Speed Grade: -5

   Minimum period: 2.010ns (Maximum Frequency: 497.401MHz)
   Minimum input arrival time before clock: 9.523ns
   Maximum output required time after clock: 6.205ns
   Maximum combinational path delay: No path found

Timing Detail:
--------------
All values displayed in nanoseconds (ns)

=========================================================================
Timing constraint: Default period analysis for Clock 'enable'
  Clock period: 2.010ns (frequency: 497.401MHz)
  Total number of paths / destination ports: 4 / 4
-------------------------------------------------------------------------
Delay:               2.010ns (Levels of Logic = 1)
  Source:            en_out_0 (LATCH)
  Destination:       en_out_0 (LATCH)
  Source Clock:      enable falling
  Destination Clock: enable falling

  Data Path: en_out_0 to en_out_0
                                Gate     Net
    Cell:in->out      fanout   Delay   Delay  Logical Name (Net Name)
    ----------------------------------------  ------------
     LD:G->Q               2   0.551   0.804  en_out_0 (en_out_0)
     LUT3:I2->O            1   0.479   0.000  en_out_mux0000<3>89 (en_out_mux0000<3>)
     LD:D                      0.176          en_out_0
    ----------------------------------------
    Total                      2.010ns (1.206ns logic, 0.804ns route)
                                       (60.0% logic, 40.0% route)

=========================================================================
Timing constraint: Default OFFSET IN BEFORE for Clock 'enable'
  Total number of paths / destination ports: 304 / 4
-------------------------------------------------------------------------
Offset:              9.523ns (Levels of Logic = 7)
  Source:            en_in<3> (PAD)
  Destination:       en_out_0 (LATCH)
  Destination Clock: enable falling

  Data Path: en_in<3> to en_out_0
                                Gate     Net
    Cell:in->out      fanout   Delay   Delay  Logical Name (Net Name)
    ----------------------------------------  ------------
     IBUF:I->O             6   0.715   1.148  en_in_3_IBUF (en_in_3_IBUF)
     LUT3:I0->O            4   0.479   0.802  en_out_or000061 (N7)
     LUT4:I3->O            3   0.479   1.066  en_out_mux0000<0>11 (N6)
     LUT3:I0->O            2   0.479   1.040  en_out_cmp_eq000011 (N17)
     LUT3:I0->O            1   0.479   0.851  en_out_mux0000<3>77_SW0 (N36)
     LUT4:I1->O            1   0.479   0.851  en_out_mux0000<3>77 (en_out_mux0000<3>77)
     LUT3:I1->O            1   0.479   0.000  en_out_mux0000<3>89 (en_out_mux0000<3>)
     LD:D                      0.176          en_out_0
    ----------------------------------------
    Total                      9.523ns (3.765ns logic, 5.758ns route)
                                       (39.5% logic, 60.5% route)

=========================================================================
Timing constraint: Default OFFSET OUT AFTER for Clock 'enable'
  Total number of paths / destination ports: 4 / 4
-------------------------------------------------------------------------
Offset:              6.205ns (Levels of Logic = 1)
  Source:            en_out_3 (LATCH)
  Destination:       en_out<3> (PAD)
  Source Clock:      enable falling

  Data Path: en_out_3 to en_out<3>
                                Gate     Net
    Cell:in->out      fanout   Delay   Delay  Logical Name (Net Name)
    ----------------------------------------  ------------
     LD:G->Q               2   0.551   0.745  en_out_3 (en_out_3)
     OBUF:I->O                 4.909          en_out_3_OBUF (en_out<3>)
    ----------------------------------------
    Total                      6.205ns (5.460ns logic, 0.745ns route)
                                       (88.0% logic, 12.0% route)

=========================================================================


Total REAL time to Xst completion: 7.00 secs
Total CPU time to Xst completion: 7.61 secs
 
--> 

Total memory usage is 4533860 kilobytes

Number of errors   :    0 (   0 filtered)
Number of warnings :    1 (   0 filtered)
Number of infos    :    0 (   0 filtered)

