Command line:
   srff_isim_beh.exe
     -simmode  gui
     -simrunnum  0
     -socket  9947

Mon Oct 29 15:17:45 2018


 Elaboration Time: 0.171875 sec

 Current Memory Usage: 5825.2 Meg

 Total Signals          : 16
 Total Nets             : 18
 Total Signal Drivers   : 7
 Total Blocks           : 2
 Total Primitive Blocks : 2
 Total Processes        : 9
 Total Traceable Variables  : 21
 Total Scalar Nets and Variables : 102
Total Line Count : 22

 Total Simulation Time: 0.34375 sec

 Current Memory Usage: 5353.3 Meg

Mon Oct 29 15:18:49 2018

