Command line:
   tase_isim_beh.exe
     -simmode  gui
     -simrunnum  0
     -socket  4792

Tue Nov 20 08:58:27 2018


 Elaboration Time: 0.21875 sec

 Current Memory Usage: 5984.07 Meg

 Total Signals          : 22
 Total Nets             : 25
 Total Signal Drivers   : 17
 Total Blocks           : 6
 Total Primitive Blocks : 5
 Total Processes        : 28
 Total Traceable Variables  : 24
 Total Scalar Nets and Variables : 111
Total Line Count : 34

 Total Simulation Time: 0.375 sec

 Current Memory Usage: 5354.89 Meg

Tue Nov 20 09:01:46 2018

