Release 14.7 - xst P.20131013 (nt64)
Copyright (c) 1995-2013 Xilinx, Inc.  All rights reserved.
--> Parameter TMPDIR set to xst/projnav.tmp


Total REAL time to Xst completion: 0.00 secs
Total CPU time to Xst completion: 0.19 secs
 
--> Parameter xsthdpdir set to xst


Total REAL time to Xst completion: 0.00 secs
Total CPU time to Xst completion: 0.20 secs
 
--> Reading design: main.prj

TABLE OF CONTENTS
  1) Synthesis Options Summary
  2) HDL Compilation
  3) Design Hierarchy Analysis
  4) HDL Analysis
  5) HDL Synthesis
     5.1) HDL Synthesis Report
  6) Advanced HDL Synthesis
     6.1) Advanced HDL Synthesis Report
  7) Low Level Synthesis
  8) Partition Report
  9) Final Report
	9.1) Device utilization summary
	9.2) Partition Resource Summary
	9.3) TIMING REPORT


=========================================================================
*                      Synthesis Options Summary                        *
=========================================================================
---- Source Parameters
Input File Name                    : "main.prj"
Input Format                       : mixed
Ignore Synthesis Constraint File   : NO

---- Target Parameters
Output File Name                   : "main"
Output Format                      : NGC
Target Device                      : xc3s700a-4-fg484

---- Source Options
Top Module Name                    : main
Automatic FSM Extraction           : YES
FSM Encoding Algorithm             : Auto
Safe Implementation                : No
FSM Style                          : LUT
RAM Extraction                     : Yes
RAM Style                          : Auto
ROM Extraction                     : Yes
Mux Style                          : Auto
Decoder Extraction                 : YES
Priority Encoder Extraction        : Yes
Shift Register Extraction          : YES
Logical Shifter Extraction         : YES
XOR Collapsing                     : YES
ROM Style                          : Auto
Mux Extraction                     : Yes
Resource Sharing                   : YES
Asynchronous To Synchronous        : NO
Multiplier Style                   : Auto
Automatic Register Balancing       : No

---- Target Options
Add IO Buffers                     : YES
Global Maximum Fanout              : 100000
Add Generic Clock Buffer(BUFG)     : 24
Register Duplication               : YES
Slice Packing                      : YES
Optimize Instantiated Primitives   : NO
Use Clock Enable                   : Yes
Use Synchronous Set                : Yes
Use Synchronous Reset              : Yes
Pack IO Registers into IOBs        : Auto
Equivalent register Removal        : YES

---- General Options
Optimization Goal                  : Speed
Optimization Effort                : 1
Keep Hierarchy                     : No
Netlist Hierarchy                  : As_Optimized
RTL Output                         : Yes
Global Optimization                : AllClockNets
Read Cores                         : YES
Write Timing Constraints           : NO
Cross Clock Analysis               : NO
Hierarchy Separator                : /
Bus Delimiter                      : <>
Case Specifier                     : Maintain
Slice Utilization Ratio            : 100
BRAM Utilization Ratio             : 100
Verilog 2001                       : YES
Auto BRAM Packing                  : NO
Slice Utilization Ratio Delta      : 5

=========================================================================


=========================================================================
*                          HDL Compilation                              *
=========================================================================
Compiling verilog file "main.v" in library work
Module <main> compiled
No errors in compilation
Analysis of file <"main.prj"> succeeded.
 

=========================================================================
*                     Design Hierarchy Analysis                         *
=========================================================================
Analyzing hierarchy for module <main> in library <work>.


=========================================================================
*                            HDL Analysis                               *
=========================================================================
Analyzing top module <main>.
Module <main> is correct for synthesis.
 

=========================================================================
*                           HDL Synthesis                               *
=========================================================================

Performing bidirectional port resolution...
INFO:Xst:2679 - Register <C_out> in unit <main> has a constant value of 1 during circuit operation. The register is replaced by logic.

Synthesizing Unit <main>.
    Related source file is "main.v".
    Found 5-bit subtractor for signal <sum1$addsub0000> created at line 35.
    Found 3-bit adder carry out for signal <sum1$addsub0001> created at line 31.
    Found 5-bit comparator greater for signal <sum1$cmp_gt0000> created at line 34.
    Found 3-bit adder carry out for signal <sum2$addsub0000> created at line 32.
    Found 5-bit comparator greater for signal <sum2$cmp_gt0000> created at line 37.
    Found 5-bit comparator greater for signal <sum2$cmp_gt0001> created at line 56.
    Found 5-bit subtractor for signal <sum2$share0000>.
    Found 3-bit adder carry out for signal <sum3$addsub0000> created at line 33.
    Found 5-bit comparator greater for signal <sum3$cmp_gt0000> created at line 41.
    Found 5-bit comparator greater for signal <sum3$cmp_gt0001> created at line 48.
    Found 5-bit subtractor for signal <sum3$share0000>.
    Summary:
	inferred   8 Adder/Subtractor(s).
	inferred   5 Comparator(s).
Unit <main> synthesized.

INFO:Xst:1767 - HDL ADVISOR - Resource sharing has identified that some arithmetic operations in this design can share the same physical resources for reduced device utilization. For improved clock frequency you may try to disable resource sharing.

=========================================================================
HDL Synthesis Report

Macro Statistics
# Adders/Subtractors                                   : 8
 3-bit adder carry out                                 : 3
 5-bit adder                                           : 2
 5-bit subtractor                                      : 3
# Comparators                                          : 5
 5-bit comparator greater                              : 5

=========================================================================

=========================================================================
*                       Advanced HDL Synthesis                          *
=========================================================================


=========================================================================
Advanced HDL Synthesis Report

Macro Statistics
# Adders/Subtractors                                   : 8
 3-bit adder carry out                                 : 3
 5-bit adder                                           : 2
 5-bit subtractor                                      : 3
# Comparators                                          : 5
 5-bit comparator greater                              : 5

=========================================================================

=========================================================================
*                         Low Level Synthesis                           *
=========================================================================

Optimizing unit <main> ...

Mapping all equations...
Building and optimizing final netlist ...
Found area constraint ratio of 100 (+ 5) on block main, actual ratio is 0.

Final Macro Processing ...

=========================================================================
Final Register Report

Found no macro
=========================================================================

=========================================================================
*                           Partition Report                            *
=========================================================================

Partition Implementation Status
-------------------------------

  No Partitions were found in this design.

-------------------------------

=========================================================================
*                            Final Report                               *
=========================================================================
Final Results
RTL Top Level Output File Name     : main.ngr
Top Level Output File Name         : main
Output Format                      : NGC
Optimization Goal                  : Speed
Keep Hierarchy                     : No

Design Statistics
# IOs                              : 34

Cell Usage :
# BELS                             : 27
#      GND                         : 1
#      LUT2                        : 1
#      LUT3                        : 4
#      LUT4                        : 14
#      MUXF5                       : 6
#      VCC                         : 1
# IO Buffers                       : 34
#      IBUF                        : 18
#      OBUF                        : 16
=========================================================================

Device utilization summary:
---------------------------

Selected Device : 3s700afg484-4 

 Number of Slices:                       10  out of   5888     0%  
 Number of 4 input LUTs:                 19  out of  11776     0%  
 Number of IOs:                          34
 Number of bonded IOBs:                  34  out of    372     9%  

---------------------------
Partition Resource Summary:
---------------------------

  No Partitions were found in this design.

---------------------------


=========================================================================
TIMING REPORT

NOTE: THESE TIMING NUMBERS ARE ONLY A SYNTHESIS ESTIMATE.
      FOR ACCURATE TIMING INFORMATION PLEASE REFER TO THE TRACE REPORT
      GENERATED AFTER PLACE-and-ROUTE.

Clock Information:
------------------
No clock signals found in this design

Asynchronous Control Signals Information:
----------------------------------------
No asynchronous control signals found in this design

Timing Summary:
---------------
Speed Grade: -4

   Minimum period: No path found
   Minimum input arrival time before clock: No path found
   Maximum output required time after clock: No path found
   Maximum combinational path delay: 12.047ns

Timing Detail:
--------------
All values displayed in nanoseconds (ns)

=========================================================================
Timing constraint: Default path analysis
  Total number of paths / destination ports: 138 / 9
-------------------------------------------------------------------------
Delay:               12.047ns (Levels of Logic = 7)
  Source:            A<0> (PAD)
  Destination:       sum3<2> (PAD)

  Data Path: A<0> to sum3<2>
                                Gate     Net
    Cell:in->out      fanout   Delay   Delay  Logical Name (Net Name)
    ----------------------------------------  ------------
     IBUF:I->O             3   0.849   0.611  A_0_IBUF (A_0_IBUF)
     LUT4:I1->O            3   0.643   0.531  sum1<2>11 (N1)
     MUXF5:S->O            3   0.756   0.531  sum2<1>1_f5 (N4)
     MUXF5:S->O            3   0.756   0.611  sum3<2>1_f5 (N0)
     LUT3:I1->O            1   0.643   0.420  sum3<2>3_SW2 (N15)
     MUXF5:S->O            1   0.756   0.420  sum3<2>2_f5 (sum3_2_OBUF)
     OBUF:I->O                 4.520          sum3_2_OBUF (sum3<2>)
    ----------------------------------------
    Total                     12.047ns (8.923ns logic, 3.124ns route)
                                       (74.1% logic, 25.9% route)

=========================================================================


Total REAL time to Xst completion: 9.00 secs
Total CPU time to Xst completion: 9.50 secs
 
--> 

Total memory usage is 4550016 kilobytes

Number of errors   :    0 (   0 filtered)
Number of warnings :    0 (   0 filtered)
Number of infos    :    2 (   0 filtered)

