ISim log file
Running: C:\Users\Prakash Saini\Documents\study\hardwareprograming\verilog\hexadecimal_sub\main_isim_beh.exe -intstyle ise -gui -tclbatch isim.cmd -wdb C:/Users/Prakash Saini/Documents/study/hardwareprograming/verilog/hexadecimal_sub/main_isim_beh.wdb 
ISim P.20131013 (signature 0x7708f090)
WARNING: A WEBPACK license was found.
WARNING: Please use Xilinx License Configuration Manager to check out a full ISim license.
WARNING: ISim will run in Lite mode. Please refer to the ISim documentation for more information on the differences between the Lite and the Full version.
This is a Lite version of ISim.
Time resolution is 1 ps
# onerror resume
# wave add /
# run 1000 ns
Simulator is doing circuit initialization process.
Finished circuit initialization process.
# isim force add /main/A 17 -radix hex
# isim force add /main/B 1f -radix hex
# run 1.00us
# isim force add /main/A 17 -radix hex
# isim force add /main/B 17 -radix hex
# run 1.00us
# isim force add /main/A 56 -radix hex
# run 1.00us
# isim force add /main/B 10 -radix hex
# run 1.00us
