ISim log file
Running: C:\Users\Prakash Saini\Documents\study\hardwareprograming\verilog\apuv\bbbhgh_isim_beh.exe -intstyle ise -gui -tclbatch isim.cmd -wdb C:/Users/Prakash Saini/Documents/study/hardwareprograming/verilog/apuv/bbbhgh_isim_beh.wdb 
ISim P.20131013 (signature 0x7708f090)
WARNING: A WEBPACK license was found.
WARNING: Please use Xilinx License Configuration Manager to check out a full ISim license.
WARNING: ISim will run in Lite mode. Please refer to the ISim documentation for more information on the differences between the Lite and the Full version.
This is a Lite version of ISim.
Time resolution is 1 ps
# onerror resume
# wave add /
# run 1000 ns
Simulator is doing circuit initialization process.
Finished circuit initialization process.
# isim force add /bbbhgh/L 1010 -radix bin
# isim force add /bbbhgh/clock 0 -radix bin -value 1 -radix bin -time 12500 fs -repeat 25 ps
# run 1.00us
# run 1.00us
# isim force add /bbbhgh/L 1010 -radix bin
# isim force add /bbbhgh/clock 0 -radix bin -value 1 -radix bin -time 12500 fs -repeat 25 ps
# run 1.00us
# run 1.00us
# run 1.00us
# run 1.00us
# run 1.00us
# run 1.00us
# run 1.00us
# isim force add /bbbhgh/L 1010 -radix bin
# isim force add /bbbhgh/L 1010 -radix bin
# isim force add /bbbhgh/L 1010 -radix bin
# isim force add /bbbhgh/L 1010 -radix bin
# isim force add /bbbhgh/L 1010 -radix bin
# isim force add /bbbhgh/L 1010 -radix bin
# isim force add /bbbhgh/clock 0 -radix bin -value 1 -radix bin -time 12500 fs -repeat 25 ps
# isim force add /bbbhgh/clock 0 -radix bin -value 1 -radix bin -time 12500 fs -repeat 25 ps
# run 1.00us
# isim force add /bbbhgh/L 1111 -radix bin
# run 1.00us
# isim force add /bbbhgh/clock 0 -radix bin -value 1 -radix bin -time 12500 fs -repeat 25 ps
# isim force add /bbbhgh/clock 0 -radix bin -value 1 -radix bin -time 12500 fs -repeat 25 ps
# run 1.00us
# run 1.00us
# isim force add /bbbhgh/L 1111 -radix bin
# isim force add /bbbhgh/L 1111 -radix bin
# isim force add /bbbhgh/L 1111 -radix bin
# isim force add /bbbhgh/L 1111 -radix bin
# run 1.00us
