Command line:
   alu_1_isim_beh.exe
     -simmode  gui
     -simrunnum  0
     -socket  3757

Sun Oct 28 23:14:05 2018


 Elaboration Time: 0.109375 sec

 Current Memory Usage: 5983.51 Meg

 Total Signals          : 16
 Total Nets             : 27
 Total Signal Drivers   : 6
 Total Blocks           : 2
 Total Primitive Blocks : 2
 Total Processes        : 8
 Total Traceable Variables  : 20
 Total Scalar Nets and Variables : 143
Total Line Count : 23

 Total Simulation Time: 0.15625 sec

 Current Memory Usage: 5511.61 Meg

Sun Oct 28 23:15:49 2018

