ISim log file
Running: C:\Users\Prakash Saini\Documents\study\hardwareprograming\verilog\sanidhyabidirectionalupdowncounter\bidirectionalupdowncounter_isim_beh.exe -intstyle ise -gui -tclbatch isim.cmd -wdb C:/Users/Prakash Saini/Documents/study/hardwareprograming/verilog/sanidhyabidirectionalupdowncounter/bidirectionalupdowncounter_isim_beh.wdb 
ISim P.20131013 (signature 0x7708f090)
WARNING: A WEBPACK license was found.
WARNING: Please use Xilinx License Configuration Manager to check out a full ISim license.
WARNING: ISim will run in Lite mode. Please refer to the ISim documentation for more information on the differences between the Lite and the Full version.
This is a Lite version of ISim.
Time resolution is 1 ps
# onerror resume
# wave add /
# run 1000 ns
Simulator is doing circuit initialization process.
Finished circuit initialization process.
# isim force add /bidirectionalupdowncounter/mode 0 -radix bin
# isim force add /bidirectionalupdowncounter/clk 0 -radix bin -value 1 -radix bin -time 12500 fs -repeat 25 ps
# isim force add /bidirectionalupdowncounter/reset 0 -radix bin -value 1 -radix bin -time 22500 fs -repeat 45 ps
# run 1.00us
# isim force add /bidirectionalupdowncounter/reset 0 -radix bin -value 1 -radix bin -time 37500 fs -repeat 75 ps
# run 1.00us
# isim force add /bidirectionalupdowncounter/mode 1 -radix bin
# run 1.00us
# isim force add /bidirectionalupdowncounter/reset 0 -radix bin
# run 1.00us
# isim force add /bidirectionalupdowncounter/reset 1 -radix bin
# run 1.00us
# isim force add /bidirectionalupdowncounter/reset 0 -radix bin
# run 1.00us
# isim force add /bidirectionalupdowncounter/mode 0 -radix bin
# isim force add /bidirectionalupdowncounter/reset 1 -radix bin
# run 1.00us
# isim force add /bidirectionalupdowncounter/reset 0 -radix bin
# run 1.00us
# isim force add /bidirectionalupdowncounter/mode 1 -radix bin
# run 1.00us
# isim force add /bidirectionalupdowncounter/mode 1 -radix bin
# run 1.00us
