ISim log file
Running: C:\Users\Prakash Saini\Documents\study\hardareprograming\jkff\jkff_isim_beh.exe -intstyle ise -gui -tclbatch isim.cmd -wdb C:/Users/Prakash Saini/Documents/study/hardareprograming/jkff/jkff_isim_beh.wdb 
ISim P.20131013 (signature 0x7708f090)
WARNING: A WEBPACK license was found.
WARNING: Please use Xilinx License Configuration Manager to check out a full ISim license.
WARNING: ISim will run in Lite mode. Please refer to the ISim documentation for more information on the differences between the Lite and the Full version.
This is a Lite version of ISim.
Time resolution is 1 ps
# onerror resume
# wave add /
# run 1000 ns
Simulator is doing circuit initialization process.
Finished circuit initialization process.
# isim force add /jkff/j 1 -radix bin -value 0 -radix bin -time 12500 fs -repeat 25 ps
# isim force add /jkff/k 1 -radix bin -value 0 -radix bin -time 17500 fs -repeat 35 ps
# isim force add /jkff/clk 0 -radix bin -value 1 -radix bin -time 37500 fs -repeat 75 ps
# run 1.00us
Stopped at time : 1000050 ps : File "C:/Users/Prakash Saini/Documents/study/hardareprograming/jkff/jkff.v" Line 35
# isim force add /jkff/j 1 -radix bin -value 0 -radix bin -time 12500 fs -repeat 25 ps
# isim force add /jkff/k 1 -radix bin -value 0 -radix bin -time 17500 fs -repeat 35 ps
