Command line:
   jkff_isim_beh.exe
     -simmode  gui
     -simrunnum  0
     -socket  6432

Mon Oct 29 11:41:58 2018


 Elaboration Time: 0.328125 sec

 Current Memory Usage: 5827.81 Meg

 Total Signals          : 19
 Total Nets             : 21
 Total Signal Drivers   : 10
 Total Blocks           : 2
 Total Primitive Blocks : 2
 Total Processes        : 14
 Total Traceable Variables  : 20
 Total Scalar Nets and Variables : 103
Total Line Count : 17

 Total Simulation Time: 189.984 sec

 Current Memory Usage: 5198.62 Meg

Mon Oct 29 11:45:56 2018

