Command line:
   bbbhgh_isim_beh.exe
     -simmode  gui
     -simrunnum  0
     -socket  5594

Tue Nov 20 15:24:38 2018


 Elaboration Time: 0.265625 sec

 Current Memory Usage: 5825.15 Meg

 Total Signals          : 15
 Total Nets             : 23
 Total Signal Drivers   : 6
 Total Blocks           : 2
 Total Primitive Blocks : 2
 Total Processes        : 8
 Total Traceable Variables  : 19
 Total Scalar Nets and Variables : 108
Total Line Count : 16

 Total Simulation Time: 1.09375 sec

 Current Memory Usage: 5195.96 Meg

Tue Nov 20 15:28:53 2018

