Command line:
   bidirectionalupdowncounter_isim_beh.exe
     -simmode  gui
     -simrunnum  0
     -socket  5589

Tue Nov 20 15:13:15 2018


 Elaboration Time: 0.203125 sec

 Current Memory Usage: 5983.57 Meg

 Total Signals          : 16
 Total Nets             : 20
 Total Signal Drivers   : 6
 Total Blocks           : 2
 Total Primitive Blocks : 2
 Total Processes        : 8
 Total Traceable Variables  : 19
 Total Scalar Nets and Variables : 104
Total Line Count : 21

 Total Simulation Time: 0.9375 sec

 Current Memory Usage: 5354.37 Meg

Tue Nov 20 15:24:00 2018

