Command line:
   main_isim_beh.exe
     -simmode  gui
     -simrunnum  0
     -socket  3801

Mon Nov 19 23:13:25 2018


 Elaboration Time: 0.265625 sec

 Current Memory Usage: 5982.4 Meg

 Total Signals          : 15
 Total Nets             : 47
 Total Signal Drivers   : 9
 Total Blocks           : 2
 Total Primitive Blocks : 2
 Total Processes        : 11
 Total Traceable Variables  : 22
 Total Scalar Nets and Variables : 143
Total Line Count : 41

 Total Simulation Time: 0.28125 sec

 Current Memory Usage: 5353.22 Meg

Mon Nov 19 23:17:51 2018

