Command line:
   decode_isim_beh.exe
     -simmode  gui
     -simrunnum  1
     -socket  51206

Tue Oct 23 17:52:43 2018


 Elaboration Time: 0.1875 sec


 Current Memory Usage: 5984.08 Meg

 Total Signals          : 15
 Total Nets             : 34
 Total Signal Drivers   : 6
 Total Blocks           : 2
 Total Primitive Blocks : 2
 Total Processes        : 8
 Total Traceable Variables  : 19
 Total Scalar Nets and Variables : 130
Total Line Count : 34

 Total Simulation Time: 0.3125 sec

 Current Memory Usage: 4883.03 Meg

Wed Oct 24 12:11:51 2018

